C:\Users\dom2135\source\repos\WebApp\WebApp\dist\out-tsc\src\app\app.component.js
C:\Users\dom2135\source\repos\WebApp\WebApp\dist\out-tsc\src\app\app.component.js.map
C:\Users\dom2135\source\repos\WebApp\WebApp\dist\out-tsc\src\app\hero.js
C:\Users\dom2135\source\repos\WebApp\WebApp\dist\out-tsc\src\app\hero.js.map
C:\Users\dom2135\source\repos\WebApp\WebApp\dist\out-tsc\src\app\heroes\heroes.component.js
C:\Users\dom2135\source\repos\WebApp\WebApp\dist\out-tsc\src\app\heroes\heroes.component.js.map
C:\Users\dom2135\source\repos\WebApp\WebApp\dist\out-tsc\src\app\app.module.js
C:\Users\dom2135\source\repos\WebApp\WebApp\dist\out-tsc\src\app\app.module.js.map
C:\Users\dom2135\source\repos\WebApp\WebApp\dist\out-tsc\src\environments\environment.js
C:\Users\dom2135\source\repos\WebApp\WebApp\dist\out-tsc\src\environments\environment.js.map
C:\Users\dom2135\source\repos\WebApp\WebApp\dist\out-tsc\src\main.js
C:\Users\dom2135\source\repos\WebApp\WebApp\dist\out-tsc\src\main.js.map
C:\Users\dom2135\source\repos\WebApp\WebApp\dist\out-tsc\src\polyfills.js
C:\Users\dom2135\source\repos\WebApp\WebApp\dist\out-tsc\src\polyfills.js.map
C:\Users\dom2135\source\repos\WebApp\WebApp\dist\out-tsc\src\test.js
C:\Users\dom2135\source\repos\WebApp\WebApp\dist\out-tsc\src\test.js.map
C:\Users\dom2135\source\repos\WebApp\WebApp\dist\out-tsc\e2e\src\app.po.js
C:\Users\dom2135\source\repos\WebApp\WebApp\dist\out-tsc\e2e\src\app.po.js.map
C:\Users\dom2135\source\repos\WebApp\WebApp\dist\out-tsc\e2e\src\app.e2e-spec.js
C:\Users\dom2135\source\repos\WebApp\WebApp\dist\out-tsc\e2e\src\app.e2e-spec.js.map
C:\Users\dom2135\source\repos\WebApp\WebApp\dist\out-tsc\src\app\app.component.spec.js
C:\Users\dom2135\source\repos\WebApp\WebApp\dist\out-tsc\src\app\app.component.spec.js.map
C:\Users\dom2135\source\repos\WebApp\WebApp\dist\out-tsc\src\environments\environment.prod.js
C:\Users\dom2135\source\repos\WebApp\WebApp\dist\out-tsc\src\environments\environment.prod.js.map
C:\Users\dom2135\source\repos\WebApp\WebApp\dist\out-tsc\src\app\heroes\heroes.component.spec.js
C:\Users\dom2135\source\repos\WebApp\WebApp\dist\out-tsc\src\app\heroes\heroes.component.spec.js.map
